<?xml version="1.0" encoding="UTF-8"?>
<!-- Generated by org.testng.reporters.JUnitXMLReporter -->
<testsuite hostname="IQA_Yogesh-T" ignored="0" name="Default test" tests="6" failures="0" timestamp="27 Apr 2020 05:54:46 GMT" time="58.153" errors="0">
  <testcase name="googleTitleTest" time="0.011" classname="com.test.GoogleTest"/>
  <testcase name="googleLogoTest" time="0.185" classname="com.test.GoogleTest"/>
  <testcase name="linkTextTest" time="0.042" classname="com.test.GoogleTest"/>
  <testcase name="test1" time="0.001" classname="com.test.GoogleTest"/>
  <testcase name="test2" time="0.001" classname="com.test.GoogleTest"/>
  <testcase name="test3" time="0.0" classname="com.test.GoogleTest"/>
</testsuite> <!-- Default test -->
