<?xml version="1.0" encoding="UTF-8"?>
<!-- Generated by org.testng.reporters.JUnitXMLReporter -->
<testsuite hostname="IQA_Yogesh-T" ignored="0" name="Different Testing Feature Test" tests="15" failures="0" timestamp="21 Apr 2020 08:21:52 GMT" time="0.048" errors="0">
  <testcase name="sum" time="0.004" classname="com.test.InvocationCountTest"/>
  <testcase name="sum" time="0.001" classname="com.test.InvocationCountTest"/>
  <testcase name="sum" time="0.001" classname="com.test.InvocationCountTest"/>
  <testcase name="sum" time="0.001" classname="com.test.InvocationCountTest"/>
  <testcase name="sum" time="0.001" classname="com.test.InvocationCountTest"/>
  <testcase name="sum" time="0.001" classname="com.test.InvocationCountTest"/>
  <testcase name="sum" time="0.0" classname="com.test.InvocationCountTest"/>
  <testcase name="sum" time="0.0" classname="com.test.InvocationCountTest"/>
  <testcase name="sum" time="0.0" classname="com.test.InvocationCountTest"/>
  <testcase name="sum" time="0.0" classname="com.test.InvocationCountTest"/>
  <testcase name="googleLogoTest" time="0.001" classname="com.test.TestNgBasics"/>
  <testcase name="googleTitleTest" time="0.001" classname="com.test.TestNgBasics"/>
  <testcase name="serachTest" time="0.0" classname="com.test.TestNgBasics"/>
  <testcase name="loginTest" time="0.001" classname="com.test.TestNgFeatures"/>
  <testcase name="test1" time="0.001" classname="com.test.ExceptionTimeOutTest"/>
</testsuite> <!-- Different Testing Feature Test -->
